[0;34m[INFO][0m Starting RIFT x PoLiC Pipeline Bootstrap...
[0;34m[INFO][0m Script: rift-polic-bootstrap v2.0.0
[0;34m[INFO][0m Target: Zero Trust Architecture with Constitutional Compliance
🏗️  OBINexus Computing - Professional Software Engineering
==================================================
[0;34m[INFO][0m Creating RIFT pipeline directory structure...
[0;32m[SUCCESS][0m Directory structure created with MMD dependency tracking support
[0;34m[INFO][0m Creating immutable Zero Trust configuration...
[0;32m[SUCCESS][0m Zero Trust configuration locked (chmod 444)
[0;34m[INFO][0m Creating PoLiC security framework headers...
[0;32m[SUCCESS][0m PoLiC security headers created
[0;34m[INFO][0m Compiling core modules with MMD dependency tracking...
[0;34m[RIFT-COMPILE][0m Processing module: core
[0;34m[RIFT-COMPILE][0m Processing module: cli
[0;34m[RIFT-COMPILE][0m Processing module: command
[0;34m[RIFT-COMPILE][0m Processing module: lexer
[0;34m[RIFT-COMPILE][0m Processing module: token_value
[0;34m[RIFT-COMPILE][0m Processing module: token_type
[0;34m[RIFT-COMPILE][0m Processing module: tokenizer
[0;32m[SUCCESS][0m Core modules compiled successfully with MMD tracking
[0;34m[INFO][0m Building RIFT shared and static libraries...
