AEGIS Build System Resolution Log - Thu Jun 19 04:23:44 AM BST 2025
[0;34m[TECHNICAL][0m Initiating build system conflict analysis
[0;34m[TECHNICAL][0m ✓ CMake configuration detected: CMakeLists.txt
[0;34m[TECHNICAL][0m ✓ CMake build directory located: build/
[0;34m[TECHNICAL][0m ✓ Traditional Makefile detected
[0;34m[TECHNICAL][0m Analyzing existing build artifacts...
[0;34m[TECHNICAL][0m Build artifacts analysis: 7 static libraries found
[0;34m[TECHNICAL][0m Library naming analysis: 7 rift-*.a, 0 librift-*.a
[0;34m[TECHNICAL][0m Object structure analysis: 7 traditional, 7 AEGIS-compliant
[0;36m[RESOLUTION][0m Implementing build system conflict resolution
[0;36m[RESOLUTION][0m Strategy 1: Implementing AEGIS build system prioritization
[0;34m[TECHNICAL][0m Backing up existing Makefile to Makefile.pre_aegis
[0;31m[ERROR][0m AEGIS Build System Makefile not found - regenerating
[0;34m[TECHNICAL][0m Generating optimized AEGIS Build System Makefile
[0;32m[SUCCESS][0m Optimized AEGIS Makefile generated successfully
[0;36m[RESOLUTION][0m Cleaning conflicting build artifacts
[0;34m[TECHNICAL][0m Removed conflicting rift-*.a libraries
[0;36m[RESOLUTION][0m Cleaning CMake build artifacts to prevent conflicts
[0;32m[SUCCESS][0m Build system conflict resolution completed
[0;36m[RESOLUTION][0m Implementing QA framework integration fixes
[0;34m[TECHNICAL][0m Updating QA framework build target references
[0;32m[SUCCESS][0m QA framework integration updated for AEGIS compatibility
[0;36m[RESOLUTION][0m Executing systematic AEGIS build process
[0;34m[TECHNICAL][0m Phase 1: Environment preparation
[0;34m[TECHNICAL][0m Phase 2: Setup and source generation
