[0;34m[TECHNICAL][0m RIFT Pipeline Stage Scaffolding Generator
[0;34m[TECHNICAL][0m Technical Resolution: CMake Build Configuration Alignment
[0;34m[TECHNICAL][0m Generating complete pipeline stage infrastructure...
[0;34m[TECHNICAL][0m Processing stage: rift-0 (tokenization)
[0;34m[TECHNICAL][0m Creating directory structure for rift-0 (tokenization)
[0;32m[SUCCESS][0m Directory structure created for rift-0
[0;34m[TECHNICAL][0m Generating CMakeLists.txt for rift-0
[0;32m[SUCCESS][0m CMakeLists.txt generated for rift-0
[0;34m[TECHNICAL][0m Generating headers for rift-0
[0;32m[SUCCESS][0m Headers generated for rift-0
[0;34m[TECHNICAL][0m Generating source implementation for rift-0
[0;32m[SUCCESS][0m Source implementation generated for rift-0
[0;34m[TECHNICAL][0m Generating test framework for rift-0
[0;32m[SUCCESS][0m Test framework generated for rift-0
[0;32m[SUCCESS][0m Stage rift-0 implementation complete
[0;34m[TECHNICAL][0m Processing stage: rift-1 (parsing)
[0;34m[TECHNICAL][0m Creating directory structure for rift-1 (parsing)
[0;32m[SUCCESS][0m Directory structure created for rift-1
[0;34m[TECHNICAL][0m Generating CMakeLists.txt for rift-1
[0;32m[SUCCESS][0m CMakeLists.txt generated for rift-1
[0;34m[TECHNICAL][0m Generating headers for rift-1
[0;32m[SUCCESS][0m Headers generated for rift-1
[0;34m[TECHNICAL][0m Generating source implementation for rift-1
[0;32m[SUCCESS][0m Source implementation generated for rift-1
[0;34m[TECHNICAL][0m Generating test framework for rift-1
[0;32m[SUCCESS][0m Test framework generated for rift-1
[0;32m[SUCCESS][0m Stage rift-1 implementation complete
[0;34m[TECHNICAL][0m Processing stage: rift-2 (semantic)
[0;34m[TECHNICAL][0m Creating directory structure for rift-2 (semantic)
[0;32m[SUCCESS][0m Directory structure created for rift-2
[0;34m[TECHNICAL][0m Generating CMakeLists.txt for rift-2
[0;32m[SUCCESS][0m CMakeLists.txt generated for rift-2
[0;34m[TECHNICAL][0m Generating headers for rift-2
[0;32m[SUCCESS][0m Headers generated for rift-2
[0;34m[TECHNICAL][0m Generating source implementation for rift-2
[0;32m[SUCCESS][0m Source implementation generated for rift-2
[0;34m[TECHNICAL][0m Generating test framework for rift-2
[0;32m[SUCCESS][0m Test framework generated for rift-2
[0;32m[SUCCESS][0m Stage rift-2 implementation complete
[0;34m[TECHNICAL][0m Processing stage: rift-3 (validation)
[0;34m[TECHNICAL][0m Creating directory structure for rift-3 (validation)
[0;32m[SUCCESS][0m Directory structure created for rift-3
[0;34m[TECHNICAL][0m Generating CMakeLists.txt for rift-3
[0;32m[SUCCESS][0m CMakeLists.txt generated for rift-3
[0;34m[TECHNICAL][0m Generating headers for rift-3
[0;32m[SUCCESS][0m Headers generated for rift-3
[0;34m[TECHNICAL][0m Generating source implementation for rift-3
[0;32m[SUCCESS][0m Source implementation generated for rift-3
[0;34m[TECHNICAL][0m Generating test framework for rift-3
[0;32m[SUCCESS][0m Test framework generated for rift-3
[0;32m[SUCCESS][0m Stage rift-3 implementation complete
[0;34m[TECHNICAL][0m Processing stage: rift-4 (bytecode)
[0;34m[TECHNICAL][0m Creating directory structure for rift-4 (bytecode)
[0;32m[SUCCESS][0m Directory structure created for rift-4
[0;34m[TECHNICAL][0m Generating CMakeLists.txt for rift-4
[0;32m[SUCCESS][0m CMakeLists.txt generated for rift-4
[0;34m[TECHNICAL][0m Generating headers for rift-4
[0;32m[SUCCESS][0m Headers generated for rift-4
[0;34m[TECHNICAL][0m Generating source implementation for rift-4
[0;32m[SUCCESS][0m Source implementation generated for rift-4
[0;34m[TECHNICAL][0m Generating test framework for rift-4
[0;32m[SUCCESS][0m Test framework generated for rift-4
[0;32m[SUCCESS][0m Stage rift-4 implementation complete
[0;34m[TECHNICAL][0m Processing stage: rift-5 (verification)
[0;34m[TECHNICAL][0m Creating directory structure for rift-5 (verification)
[0;32m[SUCCESS][0m Directory structure created for rift-5
[0;34m[TECHNICAL][0m Generating CMakeLists.txt for rift-5
[0;32m[SUCCESS][0m CMakeLists.txt generated for rift-5
[0;34m[TECHNICAL][0m Generating headers for rift-5
[0;32m[SUCCESS][0m Headers generated for rift-5
[0;34m[TECHNICAL][0m Generating source implementation for rift-5
[0;32m[SUCCESS][0m Source implementation generated for rift-5
[0;34m[TECHNICAL][0m Generating test framework for rift-5
[0;32m[SUCCESS][0m Test framework generated for rift-5
[0;32m[SUCCESS][0m Stage rift-5 implementation complete
[0;34m[TECHNICAL][0m Processing stage: rift-6 (emission)
[0;34m[TECHNICAL][0m Creating directory structure for rift-6 (emission)
[0;32m[SUCCESS][0m Directory structure created for rift-6
[0;34m[TECHNICAL][0m Generating CMakeLists.txt for rift-6
[0;32m[SUCCESS][0m CMakeLists.txt generated for rift-6
[0;34m[TECHNICAL][0m Generating headers for rift-6
[0;32m[SUCCESS][0m Headers generated for rift-6
[0;34m[TECHNICAL][0m Generating source implementation for rift-6
[0;32m[SUCCESS][0m Source implementation generated for rift-6
[0;34m[TECHNICAL][0m Generating test framework for rift-6
[0;32m[SUCCESS][0m Test framework generated for rift-6
[0;32m[SUCCESS][0m Stage rift-6 implementation complete
[0;34m[TECHNICAL][0m Creating supporting CMake infrastructure...
[0;32m[SUCCESS][0m Supporting infrastructure created
