[0;36m[1m[AEGIS][0m Initializing RIFT AEGIS Quality Assurance Framework
[0;34m[INFO][0m Framework Version: 1.0.0
[0;34m[INFO][0m Root Directory: /mnt/c/Users/OBINexus/Projects/github/rift/tools/..
[0;36m[1m[AEGIS][0m Executing Waterfall Gate 1: Prerequisites Validation
[0;32m[SUCCESS][0m Validated: GNU Compiler Collection (gcc)
[0;32m[SUCCESS][0m Validated: GNU Make (make)
[0;32m[SUCCESS][0m Validated: GNU Binutils Archiver (ar)
[0;32m[SUCCESS][0m Validated: Package Config Tool (pkg-config)
[0;32m[SUCCESS][0m Validated: Memory Analysis Tool (valgrind)
[0;32m[SUCCESS][0m Validated: Code Coverage Tool (gcov)
[0;32m[SUCCESS][0m Directory validated: rift/src/core
[0;32m[SUCCESS][0m Directory validated: rift/include/rift/core
[0;32m[SUCCESS][0m Directory validated: obj
[0;32m[SUCCESS][0m Directory validated: lib
[0;32m[SUCCESS][0m Directory validated: bin
[0;32m[SUCCESS][0m Directory validated: tests/unit
[0;32m[SUCCESS][0m Directory validated: tests/integration
[0;32m[SUCCESS][0m Directory validated: qa/reports
[0;36m[1m[AEGIS][0m ✅ Prerequisites Gate: PASSED
[0;36m[1m[AEGIS][0m Executing Waterfall Gate 2: Compilation Validation
[0;34m[INFO][0m Validating dependency tracking implementation...
[0;31m[ERROR][0m Static library compilation failed
