[0;34m[TECH][0m RIFT Bootstrap Immediate Executor v1.0.0
[0;34m[TECH][0m Professional Software Engineering - Waterfall Methodology
[0;34m[TECH][0m ========================================================
[0;35m[PHASE][0m Phase 1: Environment Validation
[0;32m[PASS][0m Execution environment validated (PID: 1851)
[0;35m[PHASE][0m Phase 2: Script Detection & Analysis
[0;34m[TECH][0m Detected integration script: rift-polic-bootstrap.sh
[0;34m[TECH][0m Detected integration script: bootstrap.sh
[0;34m[TECH][0m Detected enhancement script: bootstrap_extension_framework.sh
[0;32m[PASS][0m Script detection complete: 3 scripts identified
[0;35m[PHASE][0m Phase 3: Foundation Deployment
[1;33m[WARN][0m Foundation script not available - proceeding with direct integration
[0;35m[PHASE][0m Phase 4: Core Integration
[0;35m[PHASE][0m Phase 5: Enhancement Framework
[0;34m[TECH][0m Applying bootstrap enhancements...
[0;32m[PASS][0m Enhancement framework applied
[0;35m[PHASE][0m Phase 6: QA Validation & Integrity Verification
[1;33m[WARN][0m Zero Trust configuration missing
[1;33m[WARN][0m Object directory structure missing
[1;33m[WARN][0m PoLiC security headers missing
[1;33m[WARN][0m Enhanced Makefile missing
[1;33m[WARN][0m RIFT libraries not built
[1;33m[WARN][0m Executable artifacts missing
[0;34m[TECH][0m QA Validation Score: 0/6
[0;31m[FAIL][0m Deployment integrity insufficient
[0;31m[FAIL][0m Execution terminated with exit code: 1
[0;34m[TECH][0m Cleanup protocol initiated
[0;34m[TECH][0m Emergency recovery available via: git checkout -- .
