[0;34m[TECH][0m RIFT Bootstrap Immediate Executor v1.1.0
[0;34m[TECH][0m Professional Software Engineering - Waterfall Methodology
[0;34m[TECH][0m Technical Team + Nnamdi Okpala Collaborative Development
[0;34m[TECH][0m ========================================================
[0;35m[PHASE][0m Phase 1: Environment Validation
[0;32m[PASS][0m Execution environment validated (PID: 2110)
[0;35m[PHASE][0m Phase 2: Script Detection & Analysis
[0;34m[TECH][0m Detected integration script: bootstrap.sh
[0;34m[TECH][0m Detected enhancement script: bootstrap_extension_framework.sh
[0;32m[PASS][0m Script detection complete: 2 scripts identified
[0;35m[PHASE][0m Phase 3: Foundation Deployment
[1;33m[WARN][0m Foundation script not available - creating professional AEGIS structure
[0;34m[TECH][0m Deploying emergency AEGIS infrastructure...
[0;32m[PASS][0m Emergency AEGIS infrastructure deployed with professional standards
[0;35m[PHASE][0m Phase 4: Core Integration
[0;34m[TECH][0m Executing standard bootstrap fallback...
[0;32m[PASS][0m Standard bootstrap completed
[0;35m[PHASE][0m Phase 5: Enhancement Framework
[0;34m[TECH][0m Applying professional bootstrap enhancements...
[0;32m[PASS][0m Enhancement framework applied
[0;35m[PHASE][0m Phase 6: QA Validation & Integrity Verification
[1;33m[WARN][0m Zero Trust permissions incorrect: 555 - applying auto-remediation
[0;31m[FAIL][0m Execution terminated with exit code: 1
[0;34m[TECH][0m Cleanup protocol initiated
[0;34m[TECH][0m Emergency recovery available via: git checkout -- .
